Arguments: 
  /usr/local/Cellar/node/11.13.0/bin/node /usr/local/Cellar/yarn/1.15.2/libexec/bin/yarn.js add express

PATH: 
  /Users/brunoferreira/.rbenv/shims:/Users/brunoferreira/.rbenv/bin:/Applications/mongodb/bin:/usr/local/bin:/usr/bin:/bin:/usr/sbin:/sbin:/Applications/mongodb/bin:/Users/brunoferreira/.rbenv/shims:/Users/brunoferreira/.rbenv/bin:/Users/brunoferreira/Android/Sdk/tools:/Users/brunoferreira/Android/Sdk/platform-tools:/Users/brunoferreira/Android/Sdk/tools:/Users/brunoferreira/Android/Sdk/platform-tools

Yarn version: 
  1.15.2

Node version: 
  11.13.0

Platform: 
  darwin x64

Trace: 
  Error: https://registry.yarnpkg.com/express: ETIMEDOUT
      at Timeout._onTimeout (/usr/local/Cellar/yarn/1.15.2/libexec/lib/cli.js:130201:19)
      at listOnTimeout (internal/timers.js:535:17)
      at processTimers (internal/timers.js:479:7)

npm manifest: 
  {
    "name": "modulo01",
    "version": "1.0.0",
    "description": "",
    "main": "index.js",
    "scripts": {
      "start": "node index.js"
    },
    "keywords": [],
    "author": "",
    "license": "ISC"
  }

yarn manifest: 
  No manifest

Lockfile: 
  No lockfile
